h:\github\engine2000v2\xenon2000\x64\debug\vc143.pdb
h:\github\engine2000v2\xenon2000\x64\debug\vc143.idb
h:\github\engine2000v2\xenon2000\x64\debug\xenonlevel.obj
h:\github\engine2000v2\xenon2000\x64\debug\xenongame.obj
h:\github\engine2000v2\xenon2000\x64\debug\player.obj
h:\github\engine2000v2\xenon2000\x64\debug\loner.obj
h:\github\engine2000v2\xenon2000\x64\debug\explosion.obj
h:\github\engine2000v2\xenon2000\x64\debug\playerprojectile.obj
h:\github\engine2000v2\xenon2000\x64\debug\rusher.obj
h:\github\engine2000v2\xenon2000\x64\debug\asteroid.obj
h:\github\engine2000v2\xenon2000\x64\debug\metalasteroid.obj
h:\github\engine2000v2\xenon2000\x64\debug\companion.obj
h:\github\engine2000v2\xenon2000\x64\debug\powerup.obj
h:\github\engine2000v2\xenon2000\x64\debug\explosionprojectile.obj
h:\github\engine2000v2\xenon2000\x64\debug\lifedisplay.obj
h:\github\engine2000v2\xenon2000\x64\debug\lifeicon.obj
h:\github\engine2000v2\xenon2000\x64\debug\healthbar.obj
h:\github\engine2000v2\xenon2000\x64\debug\shieldpowerup.obj
h:\github\engine2000v2\xenon2000\x64\debug\drone.obj
h:\github\engine2000v2\xenon2000\x64\debug\companionpowerup.obj
h:\github\engine2000v2\xenon2000\x64\debug\rock.obj
h:\github\engine2000v2\xenon2000\x64\debug\weaponpowerup.obj
h:\github\engine2000v2\xenon2000\x64\debug\xenonwavemanager.obj
h:\github\engine2000v2\xenon2000\x64\debug\lonerprojectile.obj
h:\github\engine2000v2\x64\debug\xenon2000.exe
h:\github\engine2000v2\x64\debug\xenon2000.pdb
h:\github\engine2000v2\xenon2000\x64\debug\xenon2000.res
h:\github\engine2000v2\xenon2000\x64\debug\xenon2000.ilk
h:\github\engine2000v2\xenon2000\x64\debug\xenon2000.tlog\cl.command.1.tlog
h:\github\engine2000v2\xenon2000\x64\debug\xenon2000.tlog\cl.items.tlog
h:\github\engine2000v2\xenon2000\x64\debug\xenon2000.tlog\cl.read.1.tlog
h:\github\engine2000v2\xenon2000\x64\debug\xenon2000.tlog\cl.write.1.tlog
h:\github\engine2000v2\xenon2000\x64\debug\xenon2000.tlog\link.command.1.tlog
h:\github\engine2000v2\xenon2000\x64\debug\xenon2000.tlog\link.read.1.tlog
h:\github\engine2000v2\xenon2000\x64\debug\xenon2000.tlog\link.secondary.1.tlog
h:\github\engine2000v2\xenon2000\x64\debug\xenon2000.tlog\link.write.1.tlog
h:\github\engine2000v2\xenon2000\x64\debug\xenon2000.tlog\rc.command.1.tlog
h:\github\engine2000v2\xenon2000\x64\debug\xenon2000.tlog\rc.read.1.tlog
h:\github\engine2000v2\xenon2000\x64\debug\xenon2000.tlog\rc.write.1.tlog
