  Asteroid.cpp
H:\GitHub\Engine2000v2\Engine2000\source\Engine2000\TransformComponent.h(9,11): warning C4251: 'TransformComponent::m_position': struct 'Vector2D' needs to have dll-interface to be used by clients of class 'TransformComponent'
H:\GitHub\Engine2000v2\Engine2000\source\Engine2000\Vector2D.h(3,8): message : see declaration of 'Vector2D'
H:\GitHub\Engine2000v2\Engine2000\source\Engine2000\TransformComponent.h(10,11): warning C4251: 'TransformComponent::m_scale': struct 'Vector2D' needs to have dll-interface to be used by clients of class 'TransformComponent'
H:\GitHub\Engine2000v2\Engine2000\source\Engine2000\Vector2D.h(3,8): message : see declaration of 'Vector2D'
H:\GitHub\Engine2000v2\Engine2000\source\Engine2000\GameObject.h(18,26): warning C4251: 'GameObject::m_components': class 'std::vector<Component *,std::allocator<Component *>>' needs to have dll-interface to be used by clients of class 'GameObject'
H:\GitHub\Engine2000v2\Engine2000\source\Engine2000\GameObject.h(18,7): message : see declaration of 'std::vector<Component *,std::allocator<Component *>>'
H:\GitHub\Engine2000v2\Engine2000\source\Engine2000\SpriteComponent.h(28,27): warning C4251: 'SpriteComponent::m_texture': class 'std::unique_ptr<Texture,std::default_delete<Texture>>' needs to have dll-interface to be used by clients of class 'SpriteComponent'
H:\GitHub\Engine2000v2\Engine2000\source\Engine2000\SpriteComponent.h(28,7): message : see declaration of 'std::unique_ptr<Texture,std::default_delete<Texture>>'
H:\GitHub\Engine2000v2\Engine2000\source\Engine2000\SpriteComponent.h(29,11): warning C4251: 'SpriteComponent::m_frameRect': struct 'Vector4D' needs to have dll-interface to be used by clients of class 'SpriteComponent'
H:\GitHub\Engine2000v2\Engine2000\source\Engine2000\Vector4D.h(3,8): message : see declaration of 'Vector4D'
H:\GitHub\Engine2000v2\Engine2000\source\Engine2000\SpriteComponent.h(30,11): warning C4251: 'SpriteComponent::m_positionRect': struct 'Vector4D' needs to have dll-interface to be used by clients of class 'SpriteComponent'
H:\GitHub\Engine2000v2\Engine2000\source\Engine2000\Vector4D.h(3,8): message : see declaration of 'Vector4D'
H:\GitHub\Engine2000v2\Engine2000\source\Engine2000\SpriteComponent.h(52,11): warning C4251: 'SpriteComponent::m_customFrameRect': struct 'Vector4D' needs to have dll-interface to be used by clients of class 'SpriteComponent'
H:\GitHub\Engine2000v2\Engine2000\source\Engine2000\Vector4D.h(3,8): message : see declaration of 'Vector4D'
H:\GitHub\Engine2000v2\Engine2000\source\Engine2000\Level.h(33,30): warning C4251: 'Level::m_layers': class 'std::vector<GameObject *,std::allocator<GameObject *>>' needs to have dll-interface to be used by clients of class 'Level'
H:\GitHub\Engine2000v2\Engine2000\source\Engine2000\Level.h(33,10): message : see declaration of 'std::vector<GameObject *,std::allocator<GameObject *>>'
H:\GitHub\Engine2000v2\Engine2000\source\Engine2000\Level.h(34,32): warning C4251: 'Level::m_pendingAdds': class 'std::vector<Level::PendingObject,std::allocator<Level::PendingObject>>' needs to have dll-interface to be used by clients of class 'Level'
H:\GitHub\Engine2000v2\Engine2000\source\Engine2000\Level.h(34,10): message : see declaration of 'std::vector<Level::PendingObject,std::allocator<Level::PendingObject>>'
H:\GitHub\Engine2000v2\Engine2000\source\Engine2000\Level.h(35,30): warning C4251: 'Level::m_pendingRemoves': class 'std::vector<GameObject *,std::allocator<GameObject *>>' needs to have dll-interface to be used by clients of class 'Level'
H:\GitHub\Engine2000v2\Engine2000\source\Engine2000\Level.h(33,10): message : see declaration of 'std::vector<GameObject *,std::allocator<GameObject *>>'
H:\GitHub\Engine2000v2\Engine2000\source\Engine2000\Projectile.h(16,11): warning C4251: 'Projectile::m_direction': struct 'Vector2D' needs to have dll-interface to be used by clients of class 'Projectile'
H:\GitHub\Engine2000v2\Engine2000\source\Engine2000\Vector2D.h(3,8): message : see declaration of 'Vector2D'
H:\GitHub\Engine2000v2\Xenon2000\source\Asteroid.cpp(48,30): warning C4244: '=': conversion from 'float' to 'int', possible loss of data
H:\GitHub\Engine2000v2\Xenon2000\source\Asteroid.cpp(143,21): warning C4244: 'initializing': conversion from 'int' to 'float', possible loss of data
H:\GitHub\Engine2000v2\Xenon2000\source\Asteroid.cpp(144,22): warning C4244: 'initializing': conversion from 'int' to 'float', possible loss of data
H:\GitHub\Engine2000v2\Xenon2000\source\Asteroid.cpp(163,18): warning C4244: 'initializing': conversion from 'int' to 'float', possible loss of data
H:\GitHub\Engine2000v2\Xenon2000\source\Asteroid.cpp(164,19): warning C4244: 'initializing': conversion from 'int' to 'float', possible loss of data
  Xenon2000.vcxproj -> H:\GitHub\Engine2000v2\x64\Debug\Xenon2000.exe
